This is pdfTeX, Version 3.14159265-2.6-1.40.19 (TeX Live 2018) (preloaded format=pdflatex 2019.1.12)  31 JAN 2019 11:56
entering extended mode
 restricted \write18 enabled.
 %&-line parsing enabled.
**lab2.tex
(./lab2.tex
LaTeX2e <2018-12-01>
(./IEEEtran.cls
Document Class: IEEEtran 2015/08/26 V1.8b by Michael Shell
-- See the "IEEEtran_HOWTO" manual for usage information.
-- http://www.michaelshell.org/tex/ieeetran/
\@IEEEtrantmpdimenA=\dimen102
\@IEEEtrantmpdimenB=\dimen103
\@IEEEtrantmpdimenC=\dimen104
\@IEEEtrantmpcountA=\count80
\@IEEEtrantmpcountB=\count81
\@IEEEtrantmpcountC=\count82
\@IEEEtrantmptoksA=\toks14
LaTeX Font Info:    Try loading font information for OT1+ptm on input line 503.

(/usr/local/texlive/2018/texmf-dist/tex/latex/psnfss/ot1ptm.fd
File: ot1ptm.fd 2001/06/04 font definitions for OT1/ptm.
)
-- Using 8.5in x 11in (letter) paper.
-- Using PDF output.
\@IEEEnormalsizeunitybaselineskip=\dimen105
-- This is a 10 point document.
\CLASSINFOnormalsizebaselineskip=\dimen106
\CLASSINFOnormalsizeunitybaselineskip=\dimen107
\IEEEnormaljot=\dimen108
LaTeX Font Info:    Font shape `OT1/ptm/bx/n' in size <5> not available
(Font)              Font shape `OT1/ptm/b/n' tried instead on input line 1090.
LaTeX Font Info:    Font shape `OT1/ptm/bx/it' in size <5> not available
(Font)              Font shape `OT1/ptm/b/it' tried instead on input line 1090.

LaTeX Font Info:    Font shape `OT1/ptm/bx/n' in size <7> not available
(Font)              Font shape `OT1/ptm/b/n' tried instead on input line 1090.
LaTeX Font Info:    Font shape `OT1/ptm/bx/it' in size <7> not available
(Font)              Font shape `OT1/ptm/b/it' tried instead on input line 1090.

LaTeX Font Info:    Font shape `OT1/ptm/bx/n' in size <8> not available
(Font)              Font shape `OT1/ptm/b/n' tried instead on input line 1090.
LaTeX Font Info:    Font shape `OT1/ptm/bx/it' in size <8> not available
(Font)              Font shape `OT1/ptm/b/it' tried instead on input line 1090.

LaTeX Font Info:    Font shape `OT1/ptm/bx/n' in size <9> not available
(Font)              Font shape `OT1/ptm/b/n' tried instead on input line 1090.
LaTeX Font Info:    Font shape `OT1/ptm/bx/it' in size <9> not available
(Font)              Font shape `OT1/ptm/b/it' tried instead on input line 1090.

LaTeX Font Info:    Font shape `OT1/ptm/bx/n' in size <10> not available
(Font)              Font shape `OT1/ptm/b/n' tried instead on input line 1090.
LaTeX Font Info:    Font shape `OT1/ptm/bx/it' in size <10> not available
(Font)              Font shape `OT1/ptm/b/it' tried instead on input line 1090.

LaTeX Font Info:    Font shape `OT1/ptm/bx/n' in size <11> not available
(Font)              Font shape `OT1/ptm/b/n' tried instead on input line 1090.
LaTeX Font Info:    Font shape `OT1/ptm/bx/it' in size <11> not available
(Font)              Font shape `OT1/ptm/b/it' tried instead on input line 1090.

LaTeX Font Info:    Font shape `OT1/ptm/bx/n' in size <12> not available
(Font)              Font shape `OT1/ptm/b/n' tried instead on input line 1090.
LaTeX Font Info:    Font shape `OT1/ptm/bx/it' in size <12> not available
(Font)              Font shape `OT1/ptm/b/it' tried instead on input line 1090.

LaTeX Font Info:    Font shape `OT1/ptm/bx/n' in size <17> not available
(Font)              Font shape `OT1/ptm/b/n' tried instead on input line 1090.
LaTeX Font Info:    Font shape `OT1/ptm/bx/it' in size <17> not available
(Font)              Font shape `OT1/ptm/b/it' tried instead on input line 1090.

LaTeX Font Info:    Font shape `OT1/ptm/bx/n' in size <20> not available
(Font)              Font shape `OT1/ptm/b/n' tried instead on input line 1090.
LaTeX Font Info:    Font shape `OT1/ptm/bx/it' in size <20> not available
(Font)              Font shape `OT1/ptm/b/it' tried instead on input line 1090.

LaTeX Font Info:    Font shape `OT1/ptm/bx/n' in size <24> not available
(Font)              Font shape `OT1/ptm/b/n' tried instead on input line 1090.
LaTeX Font Info:    Font shape `OT1/ptm/bx/it' in size <24> not available
(Font)              Font shape `OT1/ptm/b/it' tried instead on input line 1090.

\IEEEquantizedlength=\dimen109
\IEEEquantizedlengthdiff=\dimen110
\IEEEquantizedtextheightdiff=\dimen111
\IEEEilabelindentA=\dimen112
\IEEEilabelindentB=\dimen113
\IEEEilabelindent=\dimen114
\IEEEelabelindent=\dimen115
\IEEEdlabelindent=\dimen116
\IEEElabelindent=\dimen117
\IEEEiednormlabelsep=\dimen118
\IEEEiedmathlabelsep=\dimen119
\IEEEiedtopsep=\skip41
\c@section=\count83
\c@subsection=\count84
\c@subsubsection=\count85
\c@paragraph=\count86
\c@IEEEsubequation=\count87
\abovecaptionskip=\skip42
\belowcaptionskip=\skip43
\c@figure=\count88
\c@table=\count89
\@IEEEeqnnumcols=\count90
\@IEEEeqncolcnt=\count91
\@IEEEsubeqnnumrollback=\count92
\@IEEEquantizeheightA=\dimen120
\@IEEEquantizeheightB=\dimen121
\@IEEEquantizeheightC=\dimen122
\@IEEEquantizeprevdepth=\dimen123
\@IEEEquantizemultiple=\count93
\@IEEEquantizeboxA=\box27
\@IEEEtmpitemindent=\dimen124
\IEEEPARstartletwidth=\dimen125
\c@IEEEbiography=\count94
\@IEEEtranrubishbin=\box28
) (/usr/local/texlive/2018/texmf-dist/tex/generic/babel/babel.sty
Package: babel 2018/11/13 3.27 The Babel package

(/usr/local/texlive/2018/texmf-dist/tex/generic/babel/switch.def
File: switch.def 2018/11/13 3.27 Babel switching mechanism
)
(/usr/local/texlive/2018/texmf-dist/tex/generic/babel-spanish/spanish.ldf
Language: spanish.ldf 2016/03/03 v5.0p Spanish support from the babel system

(/usr/local/texlive/2018/texmf-dist/tex/generic/babel/babel.def
File: babel.def 2018/11/13 3.27 Babel common definitions
\babel@savecnt=\count95
\U@D=\dimen126

(/usr/local/texlive/2018/texmf-dist/tex/generic/babel/txtbabel.def)
\bbl@dirlevel=\count96
)
\es@quottoks=\toks15
\es@quotdepth=\count97
Package babel Info: Making " an active character on input line 561.
Package babel Info: Making . an active character on input line 662.
Package babel Info: Making < an active character on input line 707.
Package babel Info: Making > an active character on input line 707.
))
(/usr/local/texlive/2018/texmf-dist/tex/latex/base/inputenc.sty
Package: inputenc 2018/08/11 v1.3c Input encoding file
\inpenc@prehook=\toks16
\inpenc@posthook=\toks17
)
(/usr/local/texlive/2018/texmf-dist/tex/latex/base/fontenc.sty
Package: fontenc 2018/08/11 v2.0j Standard LaTeX package

(/usr/local/texlive/2018/texmf-dist/tex/latex/base/t1enc.def
File: t1enc.def 2018/08/11 v2.0j Standard LaTeX file
LaTeX Font Info:    Redeclaring font encoding T1 on input line 48.
)
LaTeX Font Info:    Try loading font information for T1+ptm on input line 105.

(/usr/local/texlive/2018/texmf-dist/tex/latex/psnfss/t1ptm.fd
File: t1ptm.fd 2001/06/04 font definitions for T1/ptm.
))
(/usr/local/texlive/2018/texmf-dist/tex/latex/graphics/graphicx.sty
Package: graphicx 2017/06/01 v1.1a Enhanced LaTeX Graphics (DPC,SPQR)

(/usr/local/texlive/2018/texmf-dist/tex/latex/graphics/keyval.sty
Package: keyval 2014/10/28 v1.15 key=value parser (DPC)
\KV@toks@=\toks18
)
(/usr/local/texlive/2018/texmf-dist/tex/latex/graphics/graphics.sty
Package: graphics 2017/06/25 v1.2c Standard LaTeX Graphics (DPC,SPQR)

(/usr/local/texlive/2018/texmf-dist/tex/latex/graphics/trig.sty
Package: trig 2016/01/03 v1.10 sin cos tan (DPC)
)
(/usr/local/texlive/2018/texmf-dist/tex/latex/graphics-cfg/graphics.cfg
File: graphics.cfg 2016/06/04 v1.11 sample graphics configuration
)
Package graphics Info: Driver file: pdftex.def on input line 99.

(/usr/local/texlive/2018/texmf-dist/tex/latex/graphics-def/pdftex.def
File: pdftex.def 2018/01/08 v1.0l Graphics/color driver for pdftex
))
\Gin@req@height=\dimen127
\Gin@req@width=\dimen128
)
(/usr/local/texlive/2018/texmf-dist/tex/latex/amsfonts/amssymb.sty
Package: amssymb 2013/01/14 v3.01 AMS font symbols

(/usr/local/texlive/2018/texmf-dist/tex/latex/amsfonts/amsfonts.sty
Package: amsfonts 2013/01/14 v3.01 Basic AMSFonts support
\@emptytoks=\toks19
\symAMSa=\mathgroup4
\symAMSb=\mathgroup5
LaTeX Font Info:    Overwriting math alphabet `\mathfrak' in version `bold'
(Font)                  U/euf/m/n --> U/euf/b/n on input line 106.
))
(/usr/local/texlive/2018/texmf-dist/tex/latex/amsmath/amsmath.sty
Package: amsmath 2018/12/01 v2.17b AMS math features
\@mathmargin=\skip44

For additional information on amsmath, use the `?' option.
(/usr/local/texlive/2018/texmf-dist/tex/latex/amsmath/amstext.sty
Package: amstext 2000/06/29 v2.01 AMS text

(/usr/local/texlive/2018/texmf-dist/tex/latex/amsmath/amsgen.sty
File: amsgen.sty 1999/11/30 v2.0 generic functions
\@emptytoks=\toks20
\ex@=\dimen129
))
(/usr/local/texlive/2018/texmf-dist/tex/latex/amsmath/amsbsy.sty
Package: amsbsy 1999/11/29 v1.2d Bold Symbols
\pmbraise@=\dimen130
)
(/usr/local/texlive/2018/texmf-dist/tex/latex/amsmath/amsopn.sty
Package: amsopn 2016/03/08 v2.02 operator names
)
\inf@bad=\count98
LaTeX Info: Redefining \frac on input line 223.
\uproot@=\count99
\leftroot@=\count100
LaTeX Info: Redefining \overline on input line 385.
\classnum@=\count101
\DOTSCASE@=\count102
LaTeX Info: Redefining \ldots on input line 482.
LaTeX Info: Redefining \dots on input line 485.
LaTeX Info: Redefining \cdots on input line 606.
\Mathstrutbox@=\box29
\strutbox@=\box30
\big@size=\dimen131
LaTeX Font Info:    Redeclaring font encoding OML on input line 729.
LaTeX Font Info:    Redeclaring font encoding OMS on input line 730.
\macc@depth=\count103
\c@MaxMatrixCols=\count104
\dotsspace@=\muskip10
\c@parentequation=\count105
\dspbrk@lvl=\count106
\tag@help=\toks21
\row@=\count107
\column@=\count108
\maxfields@=\count109
\andhelp@=\toks22
\eqnshift@=\dimen132
\alignsep@=\dimen133
\tagshift@=\dimen134
\tagwidth@=\dimen135
\totwidth@=\dimen136
\lineht@=\dimen137
\@envbody=\toks23
\multlinegap=\skip45
\multlinetaggap=\skip46
\mathdisplay@stack=\toks24
LaTeX Info: Redefining \[ on input line 2844.
LaTeX Info: Redefining \] on input line 2845.
)
(/usr/local/texlive/2018/texmf-dist/tex/latex/amscls/amsthm.sty
Package: amsthm 2017/10/31 v2.20.4
\thm@style=\toks25
\thm@bodyfont=\toks26
\thm@headfont=\toks27
\thm@notefont=\toks28
\thm@headpunct=\toks29
\thm@preskip=\skip47
\thm@postskip=\skip48
\thm@headsep=\skip49
\dth@everypar=\toks30
)
(/usr/local/texlive/2018/texmf-dist/tex/latex/booktabs/booktabs.sty
Package: booktabs 2016/04/27 v1.618033 publication quality tables
\heavyrulewidth=\dimen138
\lightrulewidth=\dimen139
\cmidrulewidth=\dimen140
\belowrulesep=\dimen141
\belowbottomsep=\dimen142
\aboverulesep=\dimen143
\abovetopsep=\dimen144
\cmidrulesep=\dimen145
\cmidrulekern=\dimen146
\defaultaddspace=\dimen147
\@cmidla=\count110
\@cmidlb=\count111
\@aboverulesep=\dimen148
\@belowrulesep=\dimen149
\@thisruleclass=\count112
\@lastruleclass=\count113
\@thisrulewidth=\dimen150
)
(/usr/local/texlive/2018/texmf-dist/tex/latex/was/gensymb.sty
Package: gensymb 2003/07/02 v1.0 (WaS)
)
(/usr/local/texlive/2018/texmf-dist/tex/latex/sttools/stfloats.sty
Package: stfloats 2017/03/27 v3.3 Improve float mechanism and baselineskip sett
ings
\@dblbotnum=\count114
\c@dblbotnumber=\count115
)
(/usr/local/texlive/2018/texmf-dist/tex/latex/float/float.sty
Package: float 2001/11/08 v1.3d Float enhancements (AL)
\c@float@type=\count116
\float@exts=\toks31
\float@box=\box31
\@float@everytoks=\toks32
\@floatcapt=\box32
)
(/usr/local/texlive/2018/texmf-dist/tex/latex/ncctools/nccmath.sty
Package: nccmath 2006/01/20 v1.3 Additional Math Commands (NCC)
\NCC@fracrulewidth=\dimen151
)
(/usr/local/texlive/2018/texmf-dist/tex/latex/caption/caption.sty
Package: caption 2018/10/06 v3.3-154 Customizing captions (AR)

(/usr/local/texlive/2018/texmf-dist/tex/latex/caption/caption3.sty
Package: caption3 2018/09/12 v1.8c caption3 kernel (AR)
Package caption3 Info: TeX engine: e-TeX on input line 64.
\captionmargin=\dimen152
\captionmargin@=\dimen153
\captionwidth=\dimen154
\caption@tempdima=\dimen155
\caption@indent=\dimen156
\caption@parindent=\dimen157
\caption@hangindent=\dimen158
Package caption Info: Unknown document class (or package),
(caption)             standard defaults will be used.
)

Package caption Warning: Unsupported document class (or package) detected,
(caption)                usage of the caption package is not recommended.
See the caption package documentation for explanation.

Package caption Info: \@makecaption = \long macro:#1#2->\ifx \@captype \@IEEEta
blestring \footnotesize \bgroup \par \centering \@IEEEtabletopskipstrut {\norma
lfont \footnotesize #1}\\{\normalfont \footnotesize \scshape #2}\par \addvspace
 {0.5\baselineskip }\egroup \@IEEEtablecaptionsepspace \else \@IEEEfigurecaptio
nsepspace \setbox \@tempboxa \hbox {\normalfont \footnotesize {#1.}\nobreakspac
e \nobreakspace #2}\ifdim \wd \@tempboxa >\hsize \setbox \@tempboxa \hbox {\nor
malfont \footnotesize {#1.}\nobreakspace \nobreakspace }\parbox [t]{\hsize }{\n
ormalfont \footnotesize \noindent \unhbox \@tempboxa #2}\else \ifCLASSOPTIONcon
ference \hbox to\hsize {\normalfont \footnotesize \hfil \box \@tempboxa \hfil }
\else \hbox to\hsize {\normalfont \footnotesize \box \@tempboxa \hfil }\fi \fi 
\fi .
\c@caption@flags=\count117
\c@ContinuedFloat=\count118
Package caption Info: float package is loaded.
) (/usr/local/texlive/2018/texmf-dist/tex/latex/url/url.sty
\Urlmuskip=\muskip11
Package: url 2013/09/16  ver 3.4  Verb mode for urls, etc.
) (./lab2.aux
LaTeX Info: Redefining \. on input line 7.
LaTeX Info: Redefining \% on input line 7.
)
\openout1 = `lab2.aux'.

LaTeX Font Info:    Checking defaults for OML/cmm/m/it on input line 28.
LaTeX Font Info:    ... okay on input line 28.
LaTeX Font Info:    Checking defaults for T1/cmr/m/n on input line 28.
LaTeX Font Info:    ... okay on input line 28.
LaTeX Font Info:    Checking defaults for OT1/cmr/m/n on input line 28.
LaTeX Font Info:    ... okay on input line 28.
LaTeX Font Info:    Checking defaults for OMS/cmsy/m/n on input line 28.
LaTeX Font Info:    ... okay on input line 28.
LaTeX Font Info:    Checking defaults for OMX/cmex/m/n on input line 28.
LaTeX Font Info:    ... okay on input line 28.
LaTeX Font Info:    Checking defaults for U/cmr/m/n on input line 28.
LaTeX Font Info:    ... okay on input line 28.
LaTeX Font Info:    Font shape `T1/ptm/bx/n' in size <5> not available
(Font)              Font shape `T1/ptm/b/n' tried instead on input line 28.
LaTeX Font Info:    Font shape `T1/ptm/bx/it' in size <5> not available
(Font)              Font shape `T1/ptm/b/it' tried instead on input line 28.
LaTeX Font Info:    Font shape `T1/ptm/bx/n' in size <7> not available
(Font)              Font shape `T1/ptm/b/n' tried instead on input line 28.
LaTeX Font Info:    Font shape `T1/ptm/bx/it' in size <7> not available
(Font)              Font shape `T1/ptm/b/it' tried instead on input line 28.
LaTeX Font Info:    Font shape `T1/ptm/bx/n' in size <8> not available
(Font)              Font shape `T1/ptm/b/n' tried instead on input line 28.
LaTeX Font Info:    Font shape `T1/ptm/bx/it' in size <8> not available
(Font)              Font shape `T1/ptm/b/it' tried instead on input line 28.
LaTeX Font Info:    Font shape `T1/ptm/bx/n' in size <9> not available
(Font)              Font shape `T1/ptm/b/n' tried instead on input line 28.
LaTeX Font Info:    Font shape `T1/ptm/bx/it' in size <9> not available
(Font)              Font shape `T1/ptm/b/it' tried instead on input line 28.
LaTeX Font Info:    Font shape `T1/ptm/bx/n' in size <10> not available
(Font)              Font shape `T1/ptm/b/n' tried instead on input line 28.
LaTeX Font Info:    Font shape `T1/ptm/bx/it' in size <10> not available
(Font)              Font shape `T1/ptm/b/it' tried instead on input line 28.
LaTeX Font Info:    Font shape `T1/ptm/bx/n' in size <11> not available
(Font)              Font shape `T1/ptm/b/n' tried instead on input line 28.
LaTeX Font Info:    Font shape `T1/ptm/bx/it' in size <11> not available
(Font)              Font shape `T1/ptm/b/it' tried instead on input line 28.
LaTeX Font Info:    Font shape `T1/ptm/bx/n' in size <12> not available
(Font)              Font shape `T1/ptm/b/n' tried instead on input line 28.
LaTeX Font Info:    Font shape `T1/ptm/bx/it' in size <12> not available
(Font)              Font shape `T1/ptm/b/it' tried instead on input line 28.
LaTeX Font Info:    Font shape `T1/ptm/bx/n' in size <17> not available
(Font)              Font shape `T1/ptm/b/n' tried instead on input line 28.
LaTeX Font Info:    Font shape `T1/ptm/bx/it' in size <17> not available
(Font)              Font shape `T1/ptm/b/it' tried instead on input line 28.
LaTeX Font Info:    Font shape `T1/ptm/bx/n' in size <20> not available
(Font)              Font shape `T1/ptm/b/n' tried instead on input line 28.
LaTeX Font Info:    Font shape `T1/ptm/bx/it' in size <20> not available
(Font)              Font shape `T1/ptm/b/it' tried instead on input line 28.
LaTeX Font Info:    Font shape `T1/ptm/bx/n' in size <24> not available
(Font)              Font shape `T1/ptm/b/n' tried instead on input line 28.
LaTeX Font Info:    Font shape `T1/ptm/bx/it' in size <24> not available
(Font)              Font shape `T1/ptm/b/it' tried instead on input line 28.

-- Lines per column: 58 (exact).
LaTeX Info: Redefining \. on input line 28.
LaTeX Info: Redefining \% on input line 28.
(/usr/local/texlive/2018/texmf-dist/tex/context/base/mkii/supp-pdf.mkii
[Loading MPS to PDF converter (version 2006.09.02).]
\scratchcounter=\count119
\scratchdimen=\dimen159
\scratchbox=\box33
\nofMPsegments=\count120
\nofMParguments=\count121
\everyMPshowfont=\toks33
\MPscratchCnt=\count122
\MPscratchDim=\dimen160
\MPnumerator=\count123
\makeMPintoPDFobject=\count124
\everyMPtoPDFconversion=\toks34
) (/usr/local/texlive/2018/texmf-dist/tex/latex/oberdiek/epstopdf-base.sty
Package: epstopdf-base 2016/05/15 v2.6 Base part for package epstopdf

(/usr/local/texlive/2018/texmf-dist/tex/generic/oberdiek/infwarerr.sty
Package: infwarerr 2016/05/16 v1.4 Providing info/warning/error messages (HO)
)
(/usr/local/texlive/2018/texmf-dist/tex/latex/oberdiek/grfext.sty
Package: grfext 2016/05/16 v1.2 Manage graphics extensions (HO)

(/usr/local/texlive/2018/texmf-dist/tex/generic/oberdiek/kvdefinekeys.sty
Package: kvdefinekeys 2016/05/16 v1.4 Define keys (HO)

(/usr/local/texlive/2018/texmf-dist/tex/generic/oberdiek/ltxcmds.sty
Package: ltxcmds 2016/05/16 v1.23 LaTeX kernel commands for general use (HO)
)))
(/usr/local/texlive/2018/texmf-dist/tex/latex/oberdiek/kvoptions.sty
Package: kvoptions 2016/05/16 v3.12 Key value format for package options (HO)

(/usr/local/texlive/2018/texmf-dist/tex/generic/oberdiek/kvsetkeys.sty
Package: kvsetkeys 2016/05/16 v1.17 Key value parser (HO)

(/usr/local/texlive/2018/texmf-dist/tex/generic/oberdiek/etexcmds.sty
Package: etexcmds 2016/05/16 v1.6 Avoid name clashes with e-TeX commands (HO)

(/usr/local/texlive/2018/texmf-dist/tex/generic/oberdiek/ifluatex.sty
Package: ifluatex 2016/05/16 v1.4 Provides the ifluatex switch (HO)
Package ifluatex Info: LuaTeX not detected.
)
Package etexcmds Info: Could not find \expanded.
(etexcmds)             That can mean that you are not using pdfTeX 1.50 or
(etexcmds)             that some package has redefined \expanded.
(etexcmds)             In the latter case, load this package earlier.
)))
(/usr/local/texlive/2018/texmf-dist/tex/generic/oberdiek/pdftexcmds.sty
Package: pdftexcmds 2018/09/10 v0.29 Utility functions of pdfTeX for LuaTeX (HO
)

(/usr/local/texlive/2018/texmf-dist/tex/generic/oberdiek/ifpdf.sty
Package: ifpdf 2018/09/07 v3.3 Provides the ifpdf switch
)
Package pdftexcmds Info: LuaTeX not detected.
Package pdftexcmds Info: \pdf@primitive is available.
Package pdftexcmds Info: \pdf@ifprimitive is available.
Package pdftexcmds Info: \pdfdraftmode found.
)
Package epstopdf-base Info: Redefining graphics rule for `.eps' on input line 4
38.
Package grfext Info: Graphics extension search list:
(grfext)             [.pdf,.png,.jpg,.mps,.jpeg,.jbig2,.jb2,.PDF,.PNG,.JPG,.JPE
G,.JBIG2,.JB2,.eps]
(grfext)             \AppendGraphicsExtensions on input line 456.

(/usr/local/texlive/2018/texmf-dist/tex/latex/latexconfig/epstopdf-sys.cfg
File: epstopdf-sys.cfg 2010/07/13 v1.3 Configuration of (r)epstopdf for TeX Liv
e
))
LaTeX Info: Redefining \celsius on input line 28.
Package gensymb Info: Faking symbols for \degree and \celsius on input line 28.



Package gensymb Warning: Not defining \perthousand.

LaTeX Info: Redefining \ohm on input line 28.
Package gensymb Info: Using \Omega for \ohm on input line 28.

Package gensymb Warning: Not defining \micro.

Package caption Info: Begin \AtBeginDocument code.
Package caption Info: End \AtBeginDocument code.
<index_pt.jpg, id=1, 1371.1225pt x 729.72626pt>
File: index_pt.jpg Graphic file (type jpg)
<use index_pt.jpg>
Package pdftex.def Info: index_pt.jpg  used on input line 40.
(pdftex.def)             Requested size: 233.08774pt x 124.05182pt.
<pt_menuoperaciones.jpg, id=2, 644.4075pt x 76.285pt>
File: pt_menuoperaciones.jpg Graphic file (type jpg)
<use pt_menuoperaciones.jpg>
Package pdftex.def Info: pt_menuoperaciones.jpg  used on input line 53.
(pdftex.def)             Requested size: 257.75844pt x 30.51344pt.

Overfull \hbox (5.75844pt too wide) in paragraph at lines 53--54
 [][] 
 []

<pt_areatrabajo.jpg, id=3, 1371.1225pt x 531.9875pt>
File: pt_areatrabajo.jpg Graphic file (type jpg)
<use pt_areatrabajo.jpg>
Package pdftex.def Info: pt_areatrabajo.jpg  used on input line 59.
(pdftex.def)             Requested size: 260.51598pt x 101.07867pt.

Overfull \hbox (8.51598pt too wide) in paragraph at lines 59--60
 [][] 
 []

<pt_paneldispositivos.jpg, id=4, 592.46344pt x 99.37125pt>
File: pt_paneldispositivos.jpg Graphic file (type jpg)
<use pt_paneldispositivos.jpg>
Package pdftex.def Info: pt_paneldispositivos.jpg  used on input line 65.
(pdftex.def)             Requested size: 260.68471pt x 43.72348pt.

Overfull \hbox (8.68471pt too wide) in paragraph at lines 65--66
 [][] 
 []

<pt_simulation.jpg, id=5, 407.5225pt x 493.845pt>
File: pt_simulation.jpg Graphic file (type jpg)
<use pt_simulation.jpg>
Package pdftex.def Info: pt_simulation.jpg  used on input line 74.
(pdftex.def)             Requested size: 122.25769pt x 148.15463pt.
[1{/usr/local/texlive/2018/texmf-var/fonts/map/pdftex/updmap/pdftex.map}


 <./index_pt.jpg> <./pt_menuoperaciones.jpg> <./pt_areatrabajo.jpg> <./pt_panel
dispositivos.jpg>]
<pt_realtime.jpg, id=15, 834.11626pt x 441.65pt>
File: pt_realtime.jpg Graphic file (type jpg)
<use pt_realtime.jpg>
Package pdftex.def Info: pt_realtime.jpg  used on input line 85.
(pdftex.def)             Requested size: 250.2368pt x 132.49602pt.
<pt_switch.jpg, id=16, 567.11874pt x 91.34125pt>
File: pt_switch.jpg Graphic file (type jpg)
<use pt_switch.jpg>
Package pdftex.def Info: pt_switch.jpg  used on input line 99.
(pdftex.def)             Requested size: 226.84348pt x 36.53584pt.
<pt_devices.jpg, id=17, 752.8125pt x 91.34125pt>
File: pt_devices.jpg Graphic file (type jpg)
<use pt_devices.jpg>
Package pdftex.def Info: pt_devices.jpg  used on input line 108.
(pdftex.def)             Requested size: 278.53625pt x 33.79573pt.

Overfull \hbox (26.53625pt too wide) in paragraph at lines 108--109
 [][] 
 []

<pt_connections.jpg, id=18, 689.57625pt x 92.345pt>
File: pt_connections.jpg Graphic file (type jpg)
<use pt_connections.jpg>
Package pdftex.def Info: pt_connections.jpg  used on input line 115.
(pdftex.def)             Requested size: 275.8256pt x 36.93733pt.

Overfull \hbox (23.8256pt too wide) in paragraph at lines 115--116
 [][] 
 []

<pt_connectionpc.jpg, id=19, 406.51875pt x 241.90375pt>
File: pt_connectionpc.jpg Graphic file (type jpg)
<use pt_connectionpc.jpg>
Package pdftex.def Info: pt_connectionpc.jpg  used on input line 122.
(pdftex.def)             Requested size: 203.25887pt x 120.95157pt.
<pt_connectionswitch.jpg, id=20, 423.5825pt x 239.89626pt>
File: pt_connectionswitch.jpg Graphic file (type jpg)
<use pt_connectionswitch.jpg>
Package pdftex.def Info: pt_connectionswitch.jpg  used on input line 129.
(pdftex.def)             Requested size: 211.79073pt x 119.94783pt.

Underfull \hbox (badness 10000) in paragraph at lines 132--135

 []

[2 <./pt_simulation.jpg> <./pt_realtime.jpg> <./pt_switch.jpg> <./pt_devices.jp
g> <./pt_connections.jpg> <./pt_connectionpc.jpg> <./pt_connectionswitch.jpg>]
<pt_menuip.jpg, id=24, 845.1575pt x 385.44pt>
File: pt_menuip.jpg Graphic file (type jpg)
<use pt_menuip.jpg>
Package pdftex.def Info: pt_menuip.jpg  used on input line 142.
(pdftex.def)             Requested size: 253.54921pt x 115.63289pt.

Overfull \hbox (1.54921pt too wide) in paragraph at lines 142--143
 [][] 
 []

<pt_ip.jpg, id=25, 838.13126pt x 162.6075pt>
File: pt_ip.jpg Graphic file (type jpg)
<use pt_ip.jpg>
Package pdftex.def Info: pt_ip.jpg  used on input line 149.
(pdftex.def)             Requested size: 419.0646pt x 81.30354pt.

Overfull \hbox (167.0646pt too wide) in paragraph at lines 149--150
 [][] 
 []

<pt_ver_modoimplementacion.jpg, id=26, 455.7025pt x 301.125pt>
File: pt_ver_modoimplementacion.jpg Graphic file (type jpg)
<use pt_ver_modoimplementacion.jpg>
Package pdftex.def Info: pt_ver_modoimplementacion.jpg  used on input line 159.

(pdftex.def)             Requested size: 227.85068pt x 150.56212pt.
<pt_mensaje.jpg, id=27, 382.42876pt x 73.27374pt>
File: pt_mensaje.jpg Graphic file (type jpg)
<use pt_mensaje.jpg>
Package pdftex.def Info: pt_mensaje.jpg  used on input line 166.
(pdftex.def)             Requested size: 191.2139pt x 36.63676pt.

Underfull \hbox (badness 6380) in paragraph at lines 163--169
 []\T1/ptm/m/it/10 2. Ve-ri-fi-ca-ción en Mo-do de Si-mu-la-ción: [][] \T1/ptm/
m/n/10 Pa-ra
 []


Underfull \hbox (badness 10000) in paragraph at lines 163--169

 []

<pt_ver_simulation.jpg, id=28, 745.28438pt x 392.21532pt>
File: pt_ver_simulation.jpg Graphic file (type jpg)
<use pt_ver_simulation.jpg>
Package pdftex.def Info: pt_ver_simulation.jpg  used on input line 173.
(pdftex.def)             Requested size: 260.85344pt x 137.2774pt.

Overfull \hbox (8.85344pt too wide) in paragraph at lines 173--174
 [][] 
 []

<pt_ver_realtime.jpg, id=29, 797.98125pt x 201.75375pt>
File: pt_ver_realtime.jpg Graphic file (type jpg)
<use pt_ver_realtime.jpg>
Package pdftex.def Info: pt_ver_realtime.jpg  used on input line 180.
(pdftex.def)             Requested size: 263.33463pt x 66.57893pt.

Overfull \hbox (11.33463pt too wide) in paragraph at lines 180--181
 [][] 
 []

[3 <./pt_menuip.jpg> <./pt_ip.jpg> <./pt_ver_modoimplementacion.jpg> <./pt_mens
aje.jpg> <./pt_ver_simulation.jpg> <./pt_ver_realtime.jpg>]
<pt_ver_ping1.jpg, id=33, 825.0825pt x 466.74374pt>
File: pt_ver_ping1.jpg Graphic file (type jpg)
<use pt_ver_ping1.jpg>
Package pdftex.def Info: pt_ver_ping1.jpg  used on input line 188.
(pdftex.def)             Requested size: 222.77525pt x 126.02249pt.
<pt_ver_ping2.jpg, id=34, 832.10875pt x 478.78876pt>
File: pt_ver_ping2.jpg Graphic file (type jpg)
<use pt_ver_ping2.jpg>
Package pdftex.def Info: pt_ver_ping2.jpg  used on input line 194.
(pdftex.def)             Requested size: 224.67236pt x 129.27469pt.
<0.JPG, id=35, 1081.03876pt x 547.2947pt>
File: 0.JPG Graphic file (type jpg)
<use 0.JPG>
Package pdftex.def Info: 0.JPG  used on input line 202.
(pdftex.def)             Requested size: 216.20392pt x 109.45699pt.
<1.JPG, id=36, 1029.09468pt x 547.2947pt>
File: 1.JPG Graphic file (type jpg)
<use 1.JPG>
Package pdftex.def Info: 1.JPG  used on input line 212.
(pdftex.def)             Requested size: 236.6868pt x 125.87512pt.
<2.JPG, id=37, 149.8097pt x 362.10281pt>
File: 2.JPG Graphic file (type jpg)
<use 2.JPG>
Package pdftex.def Info: 2.JPG  used on input line 222.
(pdftex.def)             Requested size: 112.35698pt x 271.57643pt.
<3.JPG, id=38, 149.8097pt x 359.09157pt>
File: 3.JPG Graphic file (type jpg)
<use 3.JPG>
Package pdftex.def Info: 3.JPG  used on input line 234.
(pdftex.def)             Requested size: 97.37514pt x 233.40674pt.
 [4 <./pt_ver_ping1.jpg> <./pt_ver_ping2.jpg> <./0.JPG> <./1.JPG> <./2.JPG>]
<4.JPG, id=42, 146.79843pt x 361.35pt>
File: 4.JPG Graphic file (type jpg)
<use 4.JPG>
Package pdftex.def Info: 4.JPG  used on input line 242.
(pdftex.def)             Requested size: 95.41783pt x 234.87471pt.
<5.JPG, id=43, 145.29282pt x 359.09157pt>
File: 5.JPG Graphic file (type jpg)
<use 5.JPG>
Package pdftex.def Info: 5.JPG  used on input line 251.
(pdftex.def)             Requested size: 94.4392pt x 233.40674pt.

Underfull \vbox (badness 10000) has occurred while \output is active []

<6.JPG, id=44, 536.75531pt x 271.76532pt>
File: 6.JPG Graphic file (type jpg)
<use 6.JPG>
Package pdftex.def Info: 6.JPG  used on input line 260.
(pdftex.def)             Requested size: 268.37698pt x 135.88232pt.

Overfull \hbox (16.37698pt too wide) in paragraph at lines 260--261
 [][] 
 []

<7.JPG, id=45, 514.92375pt x 360.59718pt>
File: 7.JPG Graphic file (type jpg)
<use 7.JPG>
Package pdftex.def Info: 7.JPG  used on input line 269.
(pdftex.def)             Requested size: 257.46124pt x 180.29814pt.

Overfull \hbox (5.46124pt too wide) in paragraph at lines 269--270
 [][] 
 []


Underfull \vbox (badness 10000) has occurred while \output is active []

 [5 <./3.JPG> <./4.JPG> <./5.JPG> <./6.JPG>]
Underfull \hbox (badness 2809) in paragraph at lines 273--275
\T1/ptm/m/n/10 compu-tado-ras de la red. Por úl-ti-mo nos va-mos a la
 []


Underfull \hbox (badness 10000) in paragraph at lines 273--275

 []

<8.JPG, id=49, 475.02469pt x 279.29344pt>
File: 8.JPG Graphic file (type jpg)
<use 8.JPG>
Package pdftex.def Info: 8.JPG  used on input line 281.
(pdftex.def)             Requested size: 237.51175pt x 139.64638pt.
<9.JPG, id=50, 596.2275pt x 408.77719pt>
File: 9.JPG Graphic file (type jpg)
<use 9.JPG>
Package pdftex.def Info: 9.JPG  used on input line 290.
(pdftex.def)             Requested size: 250.41383pt x 171.68524pt.

Underfull \vbox (badness 10000) has occurred while \output is active []

<10.JPG, id=51, 469.755pt x 276.28218pt>
File: 10.JPG Graphic file (type jpg)
<use 10.JPG>
Package pdftex.def Info: 10.JPG  used on input line 301.
(pdftex.def)             Requested size: 258.36604pt x 151.95566pt.

Overfull \hbox (6.36604pt too wide) in paragraph at lines 301--302
 [][] 
 []


Underfull \hbox (badness 10000) in paragraph at lines 305--306

 []

<11.JPG, id=52, 496.85625pt x 304.13625pt>
File: 11.JPG Graphic file (type jpg)
<use 11.JPG>
Package pdftex.def Info: 11.JPG  used on input line 313.
(pdftex.def)             Requested size: 273.27177pt x 167.27545pt.

Overfull \hbox (21.27177pt too wide) in paragraph at lines 313--314
 [][] 
 []

[6 <./7.JPG> <./8.JPG> <./9.JPG> <./10.JPG>]
<13,5.JPG, id=56, 1026.83624pt x 549.55313pt>
File: 13,5.JPG Graphic file (type jpg)
<use 13,5.JPG>
Package pdftex.def Info: 13,5.JPG  used on input line 322.
(pdftex.def)             Requested size: 256.70844pt x 137.38794pt.

Overfull \hbox (4.70844pt too wide) in paragraph at lines 322--323
 [][] 
 []

<12,5.JPG, id=57, 584.93532pt x 400.49625pt>
File: 12,5.JPG Graphic file (type jpg)
<use 12,5.JPG>
Package pdftex.def Info: 12,5.JPG  used on input line 331.
(pdftex.def)             Requested size: 233.96997pt x 160.19566pt.
<12.JPG, id=58, 595.47469pt x 401.24907pt>
File: 12.JPG Graphic file (type jpg)
<use 12.JPG>
Package pdftex.def Info: 12.JPG  used on input line 340.
(pdftex.def)             Requested size: 238.18565pt x 160.49678pt.
<13.JPG, id=59, 1027.58907pt x 550.30594pt>
File: 13.JPG Graphic file (type jpg)
<use 13.JPG>
Package pdftex.def Info: 13.JPG  used on input line 349.
(pdftex.def)             Requested size: 205.51418pt x 110.05923pt.
LaTeX Font Info:    Try loading font information for U+msa on input line 359.
(/usr/local/texlive/2018/texmf-dist/tex/latex/amsfonts/umsa.fd
File: umsa.fd 2013/01/14 v3.01 AMS symbols A
)
LaTeX Font Info:    Try loading font information for U+msb on input line 359.

(/usr/local/texlive/2018/texmf-dist/tex/latex/amsfonts/umsb.fd
File: umsb.fd 2013/01/14 v3.01 AMS symbols B
) [7 <./11.JPG> <./13,5.JPG> <./12,5.JPG> <./12.JPG> <./13.JPG>] (./lab2.aux
LaTeX Info: Redefining \. on input line 7.
LaTeX Info: Redefining \% on input line 7.
) ) 
Here is how much of TeX's memory you used:
 6076 strings out of 492616
 90816 string characters out of 6128967
 169578 words of memory out of 5000000
 9849 multiletter control sequences out of 15000+600000
 110781 words of font info for 124 fonts, out of 8000000 for 9000
 1141 hyphenation exceptions out of 8191
 41i,7n,39p,797b,359s stack positions out of 5000i,500n,10000p,200000b,80000s
{/usr/local/texlive/2018/texmf-dist/fonts/enc/dvips/base/8r.enc}</usr/local/
texlive/2018/texmf-dist/fonts/type1/urw/times/utmb8a.pfb></usr/local/texlive/20
18/texmf-dist/fonts/type1/urw/times/utmbi8a.pfb></usr/local/texlive/2018/texmf-
dist/fonts/type1/urw/times/utmr8a.pfb></usr/local/texlive/2018/texmf-dist/fonts
/type1/urw/times/utmri8a.pfb>
Output written on lab2.pdf (7 pages, 1645297 bytes).
PDF statistics:
 80 PDF objects out of 1000 (max. 8388607)
 31 compressed objects within 1 object stream
 0 named destinations out of 1000 (max. 500000)
 176 words of extra memory for PDF output out of 10000 (max. 10000000)

